<?xml version="1.0" encoding="UTF-8"?>
<testsuite xmlns:xsi="http://www.w3.org/2001/XMLSchema-instance" xsi:noNamespaceSchemaLocation="https://maven.apache.org/surefire/maven-surefire-plugin/xsd/surefire-test-report.xsd" name="HMTest" time="0" tests="7" errors="0" skipped="0" failures="0">
  <properties>
[...]
</properties>
  <testcase name="testSizeAndIsEmpty" classname="HMTest" time="0"/>
  <testcase name="testCollisionHandling" classname="HMTest" time="0"/>
  <testcase name="testPutAndGet" classname="HMTest" time="0"/>
  <testcase name="testContains" classname="HMTest" time="0"/>
  <testcase name="testReplace" classname="HMTest" time="0"/>
  <testcase name="testIterator" classname="HMTest" time="0"/>
  <testcase name="testPutAllowsDuplicates" classname="HMTest" time="0"/>
</testsuite>